<?xml version="1.0" encoding="UTF-8"?>
<!-- Generated by org.testng.reporters.JUnitReportReporter -->
<testsuite hostname="SUBHADEEP" failures="0" tests="1" name="scripts.TestCase2" time="10.319" errors="0" timestamp="2022-05-02T17:33:28 IST" skipped="0">
  <testcase classname="scripts.TestCase2" name="tc2" time="10.319"/>
  <system-out/>
</testsuite> <!-- scripts.TestCase2 -->
